<?xml version="1.0" encoding="UTF-8"?>
<!-- Generated by org.testng.reporters.JUnitReportReporter -->
<testsuite hostname="PATCH07-E6430" name="driver123.GenerateExcel" tests="1" failures="0" timestamp="24 Apr 2015 10:34:17 GMT" time="0.309" errors="0">
  <testcase name="main" time="0.309" classname="driver123.GenerateExcel"/>
</testsuite> <!-- driver123.GenerateExcel -->
