<?xml version="1.0" encoding="UTF-8"?>
<!-- Generated by org.testng.reporters.JUnitReportReporter -->
<testsuite hostname="PATCH07-E6430" name="driver123.FirebugExtension" tests="1" failures="0" timestamp="22 Apr 2015 11:07:22 GMT" time="36.018" errors="0">
  <testcase name="f" time="36.018" classname="driver123.FirebugExtension"/>
</testsuite> <!-- driver123.FirebugExtension -->
