<?xml version="1.0" encoding="UTF-8"?>
<!-- Generated by org.testng.reporters.JUnitReportReporter -->
<testsuite hostname="PATCH07-E6430" name="driver123.GoogleSearch" tests="1" failures="0" timestamp="22 Apr 2015 11:07:22 GMT" time="21.351" errors="0">
  <testcase name="f" time="21.351" classname="driver123.GoogleSearch"/>
</testsuite> <!-- driver123.GoogleSearch -->
