<?xml version="1.0" encoding="UTF-8"?>
<!-- Generated by org.testng.reporters.JUnitReportReporter -->
<testsuite hostname="PATCH07-E6430" name="driver123.ListProgram" tests="1" failures="0" timestamp="23 Apr 2015 06:22:35 GMT" time="33.714" errors="0">
  <testcase name="List" time="33.714" classname="driver123.ListProgram"/>
</testsuite> <!-- driver123.ListProgram -->
