<?xml version="1.0" encoding="UTF-8"?>
<!-- Generated by org.testng.reporters.JUnitReportReporter -->
<testsuite hostname="PATCH07-E6430" name="driver123.driver123_class" tests="1" failures="0" timestamp="20 Apr 2015 11:59:57 GMT" time="26.938" errors="0">
  <testcase name="f" time="26.938" classname="driver123.driver123_class"/>
</testsuite> <!-- driver123.driver123_class -->
